<?xml version="1.0" encoding="UTF-8"?>
<!-- Generated by org.testng.reporters.JUnitReportReporter -->
<testsuite hostname="LAPTOP-RRORHA7N" failures="0" tests="4" name="api.test.UserTests" time="10.984" errors="0" timestamp="2024-01-07T16:11:20 IST" skipped="0">
  <testcase classname="api.test.UserTests" name="testPostUser" time="5.507"/>
  <system-out/>
  <testcase classname="api.test.UserTests" name="testGetUserByName" time="1.360"/>
  <system-out/>
  <testcase classname="api.test.UserTests" name="testUpdateUserByName" time="2.754"/>
  <system-out/>
  <testcase classname="api.test.UserTests" name="testDeleteUserByname" time="1.363"/>
  <system-out/>
</testsuite> <!-- api.test.UserTests -->
