<?xml version="1.0" encoding="UTF-8"?>
<!-- Generated by org.testng.reporters.JUnitReportReporter -->
<testsuite hostname="LAPTOP-RRORHA7N" failures="0" tests="4" name="api.test.UserTests2" time="6.102" errors="0" timestamp="2024-01-07T16:11:20 IST" skipped="0">
  <testcase classname="api.test.UserTests2" name="testPostUser" time="1.330"/>
  <system-out/>
  <testcase classname="api.test.UserTests2" name="testGetUserByName" time="1.224"/>
  <system-out/>
  <testcase classname="api.test.UserTests2" name="testUpdateUserByName" time="2.337"/>
  <system-out/>
  <testcase classname="api.test.UserTests2" name="testDeleteUserByname" time="1.211"/>
  <system-out/>
</testsuite> <!-- api.test.UserTests2 -->
