<?xml version="1.0" encoding="UTF-8"?>
<!-- Generated by org.testng.reporters.JUnitReportReporter -->
<testsuite hostname="LAPTOP-RRORHA7N" failures="0" tests="6" name="api.test.DDTests" time="7.262" errors="0" timestamp="2024-01-07T16:11:20 IST" skipped="0">
  <testcase classname="api.test.DDTests" name="testPostuser" time="1.239"/>
  <system-out/>
  <testcase classname="api.test.DDTests" name="testPostuser" time="1.188"/>
  <system-out/>
  <testcase classname="api.test.DDTests" name="testPostuser" time="1.218"/>
  <system-out/>
  <testcase classname="api.test.DDTests" name="testDeleteUserByName" time="1.205"/>
  <system-out/>
  <testcase classname="api.test.DDTests" name="testDeleteUserByName" time="1.233"/>
  <system-out/>
  <testcase classname="api.test.DDTests" name="testDeleteUserByName" time="1.179"/>
  <system-out/>
</testsuite> <!-- api.test.DDTests -->
