<?xml version="1.0" encoding="UTF-8"?>
<!-- Generated by org.testng.reporters.JUnitReportReporter -->
<testsuite skipped="0" hostname="LAPTOP-RRORHA7N" name="api.test.UserTests2" tests="4" failures="0" timestamp="2024-01-07T16:23:09 IST" time="6.073" errors="0">
  <testcase name="testPostUser" time="1.244" classname="api.test.UserTests2"/>
  <system-out/>
  <testcase name="testGetUserByName" time="1.194" classname="api.test.UserTests2"/>
  <system-out/>
  <testcase name="testUpdateUserByName" time="2.442" classname="api.test.UserTests2"/>
  <system-out/>
  <testcase name="testDeleteUserByname" time="1.193" classname="api.test.UserTests2"/>
  <system-out/>
</testsuite> <!-- api.test.UserTests2 -->
