<?xml version="1.0" encoding="UTF-8"?>
<!-- Generated by org.testng.reporters.JUnitReportReporter -->
<testsuite skipped="0" hostname="LAPTOP-RRORHA7N" name="api.test.DDTests" tests="6" failures="0" timestamp="2024-01-07T16:23:09 IST" time="7.370" errors="0">
  <testcase name="testPostuser" time="1.260" classname="api.test.DDTests"/>
  <system-out/>
  <testcase name="testPostuser" time="1.197" classname="api.test.DDTests"/>
  <system-out/>
  <testcase name="testPostuser" time="1.239" classname="api.test.DDTests"/>
  <system-out/>
  <testcase name="testDeleteUserByName" time="1.236" classname="api.test.DDTests"/>
  <system-out/>
  <testcase name="testDeleteUserByName" time="1.216" classname="api.test.DDTests"/>
  <system-out/>
  <testcase name="testDeleteUserByName" time="1.222" classname="api.test.DDTests"/>
  <system-out/>
</testsuite> <!-- api.test.DDTests -->
