<?xml version="1.0" encoding="UTF-8"?>
<!-- Generated by org.testng.reporters.JUnitReportReporter -->
<testsuite skipped="0" hostname="LAPTOP-RRORHA7N" name="api.test.UserTests" tests="4" failures="0" timestamp="2024-01-07T16:23:09 IST" time="12.515" errors="0">
  <testcase name="testPostUser" time="7.431" classname="api.test.UserTests"/>
  <system-out/>
  <testcase name="testGetUserByName" time="1.347" classname="api.test.UserTests"/>
  <system-out/>
  <testcase name="testUpdateUserByName" time="2.504" classname="api.test.UserTests"/>
  <system-out/>
  <testcase name="testDeleteUserByname" time="1.233" classname="api.test.UserTests"/>
  <system-out/>
</testsuite> <!-- api.test.UserTests -->
